Data splits shapes:
	train: (29441, 294)
	valid: (3270, 294)
	test: (5000, 294)
Unique instances in splits:
	# all instances train: 29441 -> 10294
	# all instances valid: 3270 -> 1592
	# all instances test: 5000 -> 2317
Overlapping instances:
	overlapping instances from train to valid:	653
	overlapping instances from train to test:	868
	overlapping instances from valid to test:	374
	overlapping instances among ['train', 'valid', 'test']: 355
Merged splits shape: (37711, 294)
Shapes after resampling:
	train: (9497, 294)
	valid: (1266, 294)
	test: (1900, 294)
Unique instances in splits:
	# all instances train: 9497 -> 9497
	# all instances valid: 1266 -> 1266
	# all instances test: 1900 -> 1900
Overlapping instances:
	overlapping instances from train to valid:	0
	overlapping instances from train to test:	0
	overlapping instances from valid to test:	0
	overlapping instances among ['train', 'valid', 'test']: 0
