Data splits shapes:
	train: (1670, 1058)
	valid: (225, 1058)
	test: (330, 1058)
Unique instances in splits:
	# all instances train: 1670 -> 1585
	# all instances valid: 225 -> 224
	# all instances test: 330 -> 327
Overlapping instances:
	overlapping instances from train to valid:	14
	overlapping instances from train to test:	32
	overlapping instances from valid to test:	3
	overlapping instances among ['train', 'valid', 'test']: 0
Merged splits shape: (2225, 1058)
Shapes after resampling:
	train: (1565, 1058)
	valid: (208, 1058)
	test: (314, 1058)
Unique instances in splits:
	# all instances train: 1565 -> 1565
	# all instances valid: 208 -> 208
	# all instances test: 314 -> 314
Overlapping instances:
	overlapping instances from train to valid:	0
	overlapping instances from train to test:	0
	overlapping instances from valid to test:	0
	overlapping instances among ['train', 'valid', 'test']: 0
