Data splits shapes:
	train: (15000, 100)
	valid: (2000, 100)
	test: (3000, 100)
Unique instances in splits:
	# all instances train: 15000 -> 14998
	# all instances valid: 2000 -> 2000
	# all instances test: 3000 -> 3000
Overlapping instances:
	overlapping instances from train to valid:	0
	overlapping instances from train to test:	0
	overlapping instances from valid to test:	0
	overlapping instances among ['train', 'valid', 'test']: 0
Merged splits shape: (20000, 100)
Shapes after resampling:
	train: (14998, 100)
	valid: (1999, 100)
	test: (3001, 100)
Unique instances in splits:
	# all instances train: 14998 -> 14998
	# all instances valid: 1999 -> 1999
	# all instances test: 3001 -> 3001
Overlapping instances:
	overlapping instances from train to valid:	0
	overlapping instances from train to test:	0
	overlapping instances from valid to test:	0
	overlapping instances among ['train', 'valid', 'test']: 0
