Data splits shapes:
	train: (17412, 69)
	valid: (2321, 69)
	test: (3482, 69)
Unique instances in splits:
	# all instances train: 17412 -> 8258
	# all instances valid: 2321 -> 1482
	# all instances test: 3482 -> 2115
Overlapping instances:
	overlapping instances from train to valid:	609
	overlapping instances from train to test:	748
	overlapping instances from valid to test:	284
	overlapping instances among ['train', 'valid', 'test']: 245
Merged splits shape: (23215, 69)
Shapes after resampling:
	train: (7844, 69)
	valid: (1045, 69)
	test: (1570, 69)
Unique instances in splits:
	# all instances train: 7844 -> 7844
	# all instances valid: 1045 -> 1045
	# all instances test: 1570 -> 1570
Overlapping instances:
	overlapping instances from train to valid:	0
	overlapping instances from train to test:	0
	overlapping instances from valid to test:	0
	overlapping instances among ['train', 'valid', 'test']: 0
