Data splits shapes:
	train: (15000, 100)
	valid: (2000, 100)
	test: (3000, 100)
Unique instances in splits:
	# all instances train: 15000 -> 14969
	# all instances valid: 2000 -> 2000
	# all instances test: 3000 -> 2999
Overlapping instances:
	overlapping instances from train to valid:	7
	overlapping instances from train to test:	8
	overlapping instances from valid to test:	3
	overlapping instances among ['train', 'valid', 'test']: 1
Merged splits shape: (20000, 100)
Shapes after resampling:
	train: (14963, 100)
	valid: (1995, 100)
	test: (2993, 100)
Unique instances in splits:
	# all instances train: 14963 -> 14963
	# all instances valid: 1995 -> 1995
	# all instances test: 2993 -> 2993
Overlapping instances:
	overlapping instances from train to valid:	0
	overlapping instances from train to test:	0
	overlapping instances from valid to test:	0
	overlapping instances among ['train', 'valid', 'test']: 0
