Data splits shapes:
	train: (12262, 163)
	valid: (1635, 163)
	test: (2452, 163)
Unique instances in splits:
	# all instances train: 12262 -> 12037
	# all instances valid: 1635 -> 1632
	# all instances test: 2452 -> 2444
Overlapping instances:
	overlapping instances from train to valid:	41
	overlapping instances from train to test:	74
	overlapping instances from valid to test:	14
	overlapping instances among ['train', 'valid', 'test']: 6
Merged splits shape: (16349, 163)
Shapes after resampling:
	train: (11992, 163)
	valid: (1599, 163)
	test: (2399, 163)
Unique instances in splits:
	# all instances train: 11992 -> 11992
	# all instances valid: 1599 -> 1599
	# all instances test: 2399 -> 2399
Overlapping instances:
	overlapping instances from train to valid:	0
	overlapping instances from train to test:	0
	overlapping instances from valid to test:	0
	overlapping instances among ['train', 'valid', 'test']: 0
