Data splits shapes:
	train: (6532, 889)
	valid: (1028, 889)
	test: (1540, 889)
Unique instances in splits:
	# all instances train: 6532 -> 6344
	# all instances valid: 1028 -> 1008
	# all instances test: 1540 -> 1507
Overlapping instances:
	overlapping instances from train to valid:	22
	overlapping instances from train to test:	9
	overlapping instances from valid to test:	3
	overlapping instances among ['train', 'valid', 'test']: 1
Merged splits shape: (9100, 889)
Shapes after resampling:
	train: (6619, 889)
	valid: (882, 889)
	test: (1325, 889)
Unique instances in splits:
	# all instances train: 6619 -> 6619
	# all instances valid: 882 -> 882
	# all instances test: 1325 -> 1325
Overlapping instances:
	overlapping instances from train to valid:	0
	overlapping instances from train to test:	0
	overlapping instances from valid to test:	0
	overlapping instances among ['train', 'valid', 'test']: 0
